<?xml version="1.0" encoding="utf-8"?><testsuites name="pytest tests"><testsuite name="pytest" errors="0" failures="4" skipped="0" tests="161" time="1131.945" timestamp="2026-06-16T09:42:18.343046+05:30" hostname="Loq_R"><testcase classname="test_02_login.TestLoginPage" name="test_prefilled_password" time="85.701" /><testcase classname="test_01_onboarding.TestOnboardingPage" name="test_page_loads_successfully" time="87.454" /><testcase classname="test_02_login.TestLoginPage" name="test_test_data_hint_displayed" time="92.804" /><testcase classname="test_01_onboarding.TestOnboardingPage" name="test_get_started_navigates_to_login" time="94.959" /><testcase classname="test_02_login.TestLoginPage" name="test_password_field_masked" time="11.346" /><testcase classname="test_01_onboarding.TestOnboardingPage" name="test_page_title_matches_app_name" time="11.233" /><testcase classname="test_03_register.TestRegisterPage" name="test_register_form_visible" time="12.447" /><testcase classname="test_01_onboarding.TestOnboardingPage" name="test_existing_user_link_navigates_to_login" time="18.702" /><testcase classname="test_02_login.TestLoginPage" name="test_password_maxlength" time="11.218" /><testcase classname="test_01_onboarding.TestOnboardingPage" name="test_onboarding_container_rendered" time="11.455" /><testcase classname="test_03_register.TestRegisterPage" name="test_create_account_heading" time="12.182" /><testcase classname="test_02_login.TestLoginPage" name="test_submit_button_text" time="11.393" /><testcase classname="test_01_onboarding.TestOnboardingPage" name="test_slide_smart_inventory_visible" time="11.149"><failure message="AssertionError: Slide 'Smart Inventory' not found in page text&#10;assert 'Smart Inventory' in '🧾\nDigital Invoicing\nCreate and share GST invoices in seconds.\nGet Started\nExisting User? Log In'&#10; +  where '🧾\nDigital Invoicing\nCreate and share GST invoices in seconds.\nGet Started\nExisting User? Log In' = &lt;tests.e2e.test_01_onboarding.TestOnboardingPage object at 0x000002AC857165D0&gt;.body">test_01_onboarding.py:68: in test_slide_smart_inventory_visible
    assert "Smart Inventory" in self.body, (
E   AssertionError: Slide 'Smart Inventory' not found in page text
E   assert 'Smart Inventory' in '🧾\nDigital Invoicing\nCreate and share GST invoices in seconds.\nGet Started\nExisting User? Log In'
E    +  where '🧾\nDigital Invoicing\nCreate and share GST invoices in seconds.\nGet Started\nExisting User? Log In' = &lt;tests.e2e.test_01_onboarding.TestOnboardingPage object at 0x000002AC857165D0&gt;.body</failure></testcase><testcase classname="test_01_onboarding.TestOnboardingPage" name="test_onboarding_icons_render" time="16.303" /><testcase classname="test_03_register.TestRegisterPage" name="test_business_name_field" time="11.424" /><testcase classname="test_02_login.TestLoginPage" name="test_register_link_present" time="11.899" /><testcase classname="test_01_onboarding.TestOnboardingPage" name="test_slide_digital_invoicing_visible" time="11.927" /><testcase classname="test_03_register.TestRegisterPage" name="test_email_field_present" time="13.690" /><testcase classname="test_01_onboarding.TestOnboardingPage" name="test_slide_descriptions_present" time="17.859"><failure message="AssertionError: Slide 1 description missing&#10;assert 'Manage stock alerts' in '🧾\nDigital Invoicing\nCreate and share GST invoices in seconds.\nGet Started\nExisting User? Log In'">test_01_onboarding.py:182: in test_slide_descriptions_present
    assert "Manage stock alerts" in body, "Slide 1 description missing"
E   AssertionError: Slide 1 description missing
E   assert 'Manage stock alerts' in '🧾\nDigital Invoicing\nCreate and share GST invoices in seconds.\nGet Started\nExisting User? Log In'</failure></testcase><testcase classname="test_02_login.TestLoginPage" name="test_register_link_navigates" time="14.522" /><testcase classname="test_01_onboarding.TestOnboardingPage" name="test_slide_customer_ledger_visible" time="13.120"><failure message="AssertionError: Slide 'Customer Ledger' not found in page text&#10;assert 'Customer Ledger' in '🧾\nDigital Invoicing\nCreate and share GST invoices in seconds.\nGet Started\nExisting User? Log In'&#10; +  where '🧾\nDigital Invoicing\nCreate and share GST invoices in seconds.\nGet Started\nExisting User? Log In' = &lt;tests.e2e.test_01_onboarding.TestOnboardingPage object at 0x000002AC85715350&gt;.body">test_01_onboarding.py:88: in test_slide_customer_ledger_visible
    assert "Customer Ledger" in self.body, (
E   AssertionError: Slide 'Customer Ledger' not found in page text
E   assert 'Customer Ledger' in '🧾\nDigital Invoicing\nCreate and share GST invoices in seconds.\nGet Started\nExisting User? Log In'
E    +  where '🧾\nDigital Invoicing\nCreate and share GST invoices in seconds.\nGet Started\nExisting User? Log In' = &lt;tests.e2e.test_01_onboarding.TestOnboardingPage object at 0x000002AC85715350&gt;.body</failure></testcase><testcase classname="test_03_register.TestRegisterPage" name="test_phone_field_present" time="11.281" /><testcase classname="test_02_login.TestLoginPage" name="test_terms_checkbox_present_and_checked" time="16.586" /><testcase classname="test_01_onboarding.TestOnboardingPage" name="test_carousel_has_three_slides" time="11.435" /><testcase classname="test_02_login.TestLoginPage" name="test_login_form_visible" time="11.623" /><testcase classname="test_03_register.TestRegisterPage" name="test_pin_field_with_maxlength" time="14.351" /><testcase classname="test_01_onboarding.TestOnboardingPage" name="test_navigation_dots_present" time="11.290" /><testcase classname="test_02_login.TestLoginPage" name="test_email_input_present" time="11.965" /><testcase classname="test_02_login.TestLoginPage" name="test_ssl_encryption_badge" time="16.718" /><testcase classname="test_03_register.TestRegisterPage" name="test_pin_field_is_password_type" time="11.845" /><testcase classname="test_01_onboarding.TestOnboardingPage" name="test_first_dot_is_active" time="11.327"><failure message="AssertionError: First dot is not active&#10;assert 'active' in 'dot'&#10; +  where 'dot' = get_attribute('class')&#10; +    where get_attribute = &lt;selenium.webdriver.remote.webelement.WebElement (session=&quot;e6c96178a0c1353dc344190597fdee5c&quot;, element=&quot;f.94504C2FBC2CDA536EC6704355B602C6.d.C78AA030FC3E0426C6DEAB495EAEA571.e.17&quot;)&gt;.get_attribute">test_01_onboarding.py:121: in test_first_dot_is_active
    assert "active" in dots[0].get_attribute("class"), (
E   AssertionError: First dot is not active
E   assert 'active' in 'dot'
E    +  where 'dot' = get_attribute('class')
E    +    where get_attribute = &lt;selenium.webdriver.remote.webelement.WebElement (session="e6c96178a0c1353dc344190597fdee5c", element="f.94504C2FBC2CDA536EC6704355B602C6.d.C78AA030FC3E0426C6DEAB495EAEA571.e.17")&gt;.get_attribute</failure></testcase><testcase classname="test_02_login.TestLoginPage" name="test_password_input_present" time="11.614" /><testcase classname="test_02_login.TestLoginPage" name="test_trusted_badge" time="16.182" /><testcase classname="test_03_register.TestRegisterPage" name="test_register_button_present" time="11.418" /><testcase classname="test_01_onboarding.TestOnboardingPage" name="test_get_started_button_visible" time="13.151" /><testcase classname="test_02_login.TestLoginPage" name="test_sb_logo_displayed" time="12.859" /><testcase classname="test_03_register.TestRegisterPage" name="test_login_link_present" time="11.028" /><testcase classname="test_03_register.TestRegisterPage" name="test_login_link_navigates" time="13.585" /><testcase classname="test_02_login.TestLoginPage" name="test_successful_login" time="34.138" /><testcase classname="test_02_login.TestLoginPage" name="test_login_heading_text" time="11.646" /><testcase classname="test_03_register.TestRegisterPage" name="test_sb_logo_on_register" time="16.943" /><testcase classname="test_02_login.TestLoginPage" name="test_prefilled_email" time="11.999" /><testcase classname="test_04_dashboard.TestDashboard" name="test_reports_button" time="36.743" /><testcase classname="test_03_register.TestRegisterPage" name="test_subtitle_text" time="22.148" /><testcase classname="test_06_add_product.TestAddProductPage" name="test_unit_dropdown_options" time="29.703" /><testcase classname="test_05_inventory.TestInventoryPage" name="test_fab_navigates_to_add_product" time="32.881" /><testcase classname="test_04_dashboard.TestDashboard" name="test_weekly_sales_chart_visible" time="37.008" /><testcase classname="test_04_dashboard.TestDashboard" name="test_dashboard_loads" time="30.182" /><testcase classname="test_06_add_product.TestAddProductPage" name="test_gst_rate_dropdown" time="30.833" /><testcase classname="test_05_inventory.TestInventoryPage" name="test_inventory_list_container" time="36.727" /><testcase classname="test_04_dashboard.TestDashboard" name="test_bar_chart_seven_bars" time="37.261" /><testcase classname="test_04_dashboard.TestDashboard" name="test_kpi_total_sales_visible" time="29.751" /><testcase classname="test_06_add_product.TestAddProductPage" name="test_hsn_code_field" time="29.771" /><testcase classname="test_05_inventory.TestInventoryPage" name="test_header_title" time="36.947" /><testcase classname="test_04_dashboard.TestDashboard" name="test_kpi_total_udhar_visible" time="29.834" /><testcase classname="test_06_add_product.TestAddProductPage" name="test_price_fields_present" time="29.935" /><testcase classname="test_04_dashboard.TestDashboard" name="test_recent_transactions_section" time="37.146" /><testcase classname="test_04_dashboard.TestDashboard" name="test_kpi_stock_alerts_visible" time="32.261" /><testcase classname="test_05_inventory.TestInventoryPage" name="test_chip_click_changes_active" time="40.806" /><testcase classname="test_06_add_product.TestAddProductPage" name="test_stock_level_field" time="30.514" /><testcase classname="test_04_dashboard.TestDashboard" name="test_notification_bell_present" time="37.542" /><testcase classname="test_04_dashboard.TestDashboard" name="test_kpi_cash_in_hand_visible" time="31.151" /><testcase classname="test_06_add_product.TestAddProductPage" name="test_save_button_present" time="31.066" /><testcase classname="test_05_inventory.TestInventoryPage" name="test_bottom_nav_on_inventory" time="37.468" /><testcase classname="test_04_dashboard.TestDashboard" name="test_bottom_navigation_visible" time="37.564" /><testcase classname="test_04_dashboard.TestDashboard" name="test_kpi_values_display_currency" time="30.845" /><testcase classname="test_06_add_product.TestAddProductPage" name="test_cancel_button_present" time="30.790" /><testcase classname="test_05_inventory.TestInventoryPage" name="test_inventory_items_or_empty" time="49.255" /><testcase classname="test_05_inventory.TestInventoryPage" name="test_inventory_page_loads" time="30.825" /><testcase classname="test_04_dashboard.TestDashboard" name="test_quick_actions_visible" time="31.334" /><testcase classname="test_06_add_product.TestAddProductPage" name="test_basic_details_section" time="31.206" /><testcase classname="test_05_inventory.TestInventoryPage" name="test_search_bar_present" time="35.012" /><testcase classname="test_04_dashboard.TestDashboard" name="test_add_customer_button" time="30.903" /><testcase classname="test_06_add_product.TestAddProductPage" name="test_add_product_form_loads" time="30.874" /><testcase classname="test_06_add_product.TestAddProductPage" name="test_pricing_section" time="31.763" /><testcase classname="test_05_inventory.TestInventoryPage" name="test_search_placeholder" time="30.667" /><testcase classname="test_04_dashboard.TestDashboard" name="test_add_customer_navigates" time="32.986" /><testcase classname="test_06_add_product.TestAddProductPage" name="test_stock_section" time="30.692" /><testcase classname="test_06_add_product.TestAddProductPage" name="test_header_title" time="32.454" /><testcase classname="test_05_inventory.TestInventoryPage" name="test_filter_chips_present" time="30.404" /><testcase classname="test_04_dashboard.TestDashboard" name="test_create_invoice_button" time="37.858" /><testcase classname="test_07_billing.TestBillingPage" name="test_billing_page_loads" time="31.286" /><testcase classname="test_06_add_product.TestAddProductPage" name="test_item_name_field" time="30.487" /><testcase classname="test_05_inventory.TestInventoryPage" name="test_all_chip_active_default" time="31.110" /><testcase classname="test_07_billing.TestBillingPage" name="test_header_title" time="30.371" /><testcase classname="test_06_add_product.TestAddProductPage" name="test_category_dropdown_options" time="30.638" /><testcase classname="test_04_dashboard.TestDashboard" name="test_add_stock_button" time="38.390" /><testcase classname="test_05_inventory.TestInventoryPage" name="test_fab_button_present" time="31.013" /><testcase classname="test_07_billing.TestBillingPage" name="test_total_gst_displayed" time="30.790" /><testcase classname="test_07_billing.TestBillingPage" name="test_step_indicator" time="33.031" /><testcase classname="test_08_customers.TestCustomersPage" name="test_search_bar_present" time="30.799" /><testcase classname="test_08_customers.TestCustomersPage" name="test_header_title" time="31.755" /><testcase classname="test_07_billing.TestBillingPage" name="test_grand_total_displayed" time="30.377" /><testcase classname="test_07_billing.TestBillingPage" name="test_customer_dropdown_present" time="30.853" /><testcase classname="test_08_customers.TestCustomersPage" name="test_search_placeholder" time="33.095" /><testcase classname="test_08_customers.TestCustomersPage" name="test_bottom_nav_present" time="31.654" /><testcase classname="test_07_billing.TestBillingPage" name="test_save_preview_button" time="31.235" /><testcase classname="test_07_billing.TestBillingPage" name="test_inventory_dropdown_present" time="31.031" /><testcase classname="test_08_customers.TestCustomersPage" name="test_filter_chips_present" time="30.668" /><testcase classname="test_08_customers.TestCustomersPage" name="test_all_chip_active" time="31.079" /><testcase classname="test_07_billing.TestBillingPage" name="test_save_draft_button" time="32.216" /><testcase classname="test_07_billing.TestBillingPage" name="test_add_item_button" time="33.751" /><testcase classname="test_08_customers.TestCustomersPage" name="test_fab_button_present" time="29.655" /><testcase classname="test_09_reports.TestReportsPage" name="test_reports_page_loads" time="30.467" /><testcase classname="test_07_billing.TestBillingPage" name="test_items_list_container" time="30.032" /><testcase classname="test_07_billing.TestBillingPage" name="test_subtotal_displayed" time="30.143" /><testcase classname="test_08_customers.TestCustomersPage" name="test_customer_list_container" time="29.977" /><testcase classname="test_09_reports.TestReportsPage" name="test_data_insights_section" time="29.719" /><testcase classname="test_07_billing.TestBillingPage" name="test_select_customer_label" time="29.905" /><testcase classname="test_09_reports.TestReportsPage" name="test_ai_insights_gradient_section" time="29.441" /><testcase classname="test_08_customers.TestCustomersPage" name="test_customer_list_content" time="40.037" /><testcase classname="test_09_reports.TestReportsPage" name="test_pnl_link_present" time="37.038" /><testcase classname="test_08_customers.TestCustomersPage" name="test_customers_page_loads" time="29.445" /><testcase classname="test_09_reports.TestReportsPage" name="test_create_order_button" time="30.296" /><testcase classname="test_09_reports.TestReportsPage" name="test_portfolio_health_gauge" time="36.892" /><testcase classname="test_10_settings.TestSettingsPage" name="test_pro_member_label" time="30.073" /><testcase classname="test_09_reports.TestReportsPage" name="test_tax_link_present" time="36.543" /><testcase classname="test_09_reports.TestReportsPage" name="test_create_order_navigates" time="31.787" /><testcase classname="test_10_settings.TestSettingsPage" name="test_business_profile_item" time="29.207" /><testcase classname="test_09_reports.TestReportsPage" name="test_reports_grid_count" time="36.336" /><testcase classname="test_09_reports.TestReportsPage" name="test_business_reports_section" time="36.981" /><testcase classname="test_09_reports.TestReportsPage" name="test_forecast_link_present" time="36.697" /><testcase classname="test_10_settings.TestSettingsPage" name="test_staff_management_item" time="31.905" /><testcase classname="test_10_settings.TestSettingsPage" name="test_settings_page_loads" time="29.453" /><testcase classname="test_09_reports.TestReportsPage" name="test_daybook_link_present" time="36.358" /><testcase classname="test_09_reports.TestReportsPage" name="test_credit_risk_section" time="35.123" /><testcase classname="test_10_settings.TestSettingsPage" name="test_printer_settings_item" time="29.712" /><testcase classname="test_10_settings.TestSettingsPage" name="test_profile_name_displayed" time="30.193" /><testcase classname="test_10_settings.TestSettingsPage" name="test_settings_list_count" time="29.664" /><testcase classname="test_10_settings.TestSettingsPage" name="test_version_info" time="29.725" /><testcase classname="test_10_settings.TestSettingsPage" name="test_notifications_item" time="29.790" /><testcase classname="test_10_settings.TestSettingsPage" name="test_business_profile_link" time="38.829" /><testcase classname="test_10_settings.TestSettingsPage" name="test_logout_button_present" time="29.362" /><testcase classname="test_10_settings.TestSettingsPage" name="test_logout_navigates_to_login" time="31.358" /><testcase classname="test_10_settings.TestSettingsPage" name="test_help_support_item" time="29.636" /><testcase classname="test_11_navigation.TestNavigation" name="test_bottom_nav_has_five_items" time="29.350" /><testcase classname="test_11_navigation.TestNavigation" name="test_nav_item_dashboard" time="30.110" /><testcase classname="test_11_navigation.TestNavigation" name="test_nav_item_billing" time="30.774" /><testcase classname="test_11_navigation.TestNavigation" name="test_nav_item_inventory" time="29.681" /><testcase classname="test_11_navigation.TestNavigation" name="test_nav_item_reports" time="29.631" /><testcase classname="test_11_navigation.TestNavigation" name="test_nav_item_customers" time="29.276" /><testcase classname="test_11_navigation.TestNavigation" name="test_nav_customers_navigates" time="32.388" /><testcase classname="test_11_navigation.TestNavigation" name="test_nav_billing_navigates" time="39.691" /><testcase classname="test_11_navigation.TestNavigation" name="test_nav_inventory_navigates" time="39.512" /><testcase classname="test_11_navigation.TestNavigation" name="test_nav_reports_navigates" time="39.433" /><testcase classname="test_11_navigation.TestNavigation" name="test_direct_url_settings" time="37.218" /><testcase classname="test_11_navigation.TestNavigation" name="test_invalid_hash_fallback" time="36.407" /><testcase classname="test_12_security.TestSecurity" name="test_https_enforced" time="4.642" /><testcase classname="test_12_security.TestSecurity" name="test_password_field_type" time="10.913" /><testcase classname="test_12_security.TestSecurity" name="test_xss_script_in_email" time="10.408" /><testcase classname="test_11_navigation.TestNavigation" name="test_nav_icons_render" time="36.217" /><testcase classname="test_12_security.TestSecurity" name="test_register_pin_masked" time="9.922" /><testcase classname="test_11_navigation.TestNavigation" name="test_nav_labels_visible" time="35.363" /><testcase classname="test_12_security.TestSecurity" name="test_api_calls_use_https" time="10.521" /><testcase classname="test_12_security.TestSecurity" name="test_no_plaintext_passwords_in_source" time="10.941" /><testcase classname="test_12_security.TestSecurity" name="test_xss_script_in_password" time="10.236" /><testcase classname="test_12_security.TestSecurity" name="test_sql_injection_email" time="15.336" /><testcase classname="test_12_security.TestSecurity" name="test_external_scripts_trusted" time="10.433" /><testcase classname="test_12_security.TestSecurity" name="test_no_critical_console_errors" time="10.580" /><testcase classname="test_12_security.TestSecurity" name="test_xss_via_hash" time="9.044" /><testcase classname="test_12_security.TestSecurity" name="test_form_action_local" time="9.978" /></testsuite></testsuites>